#
# A fatal error has been detected by the Java Runtime Environment:
#
#  SIGSEGV (0xb) at pc=0x0000000000000000, pid=24749, tid=140691334842112
#
# JRE version: 7.0_11-b21
# Java VM: Java HotSpot(TM) 64-Bit Server VM (23.6-b04 mixed mode linux-amd64 compressed oops)
# Problematic frame:
# C  0x0000000000000000
#
# Failed to write core dump. Core dumps have been disabled. To enable core dumping, try "ulimit -c unlimited" before starting Java again
#
# If you would like to submit a bug report, please visit:
#   http://bugreport.sun.com/bugreport/crash.jsp
#

---------------  T H R E A D  ---------------

Current thread (0x00007ff538006800):  JavaThread "main" [_thread_in_Java, id=24751, stack(0x00007ff540f94000,0x00007ff541095000)]

siginfo:si_signo=SIGSEGV: si_errno=0, si_code=1 (SEGV_MAPERR), si_addr=0x0000000000000000

Registers:
RAX=0x0000000000000000, RBX=0x0000000081014e38, RCX=0x00000000d7600da0, RDX=0x000000000c800001
RSP=0x00007ff5410929b0, RBP=0x00007ff541092a00, RSI=0x0000000000000001, RDI=0x00007ff538006800
R8 =0x00007ff538037270, R9 =0x0000000000005400, R10=0x00007ff5404bec80, R11=0x00007ff53fa5f400
R12=0x0000000000000000, R13=0x00007ff5410929b8, R14=0x00007ff541092a08, R15=0x00007ff538006800
RIP=0x0000000000000000, EFLAGS=0x0000000000010246, CSGSFS=0x0000000000000033, ERR=0x0000000000000014
  TRAPNO=0x000000000000000e

Top of Stack: (sp=0x00007ff5410929b0)
0x00007ff5410929b0:   00007ff535006450 00000000d7600da0
0x00007ff5410929c0:   00007ff5410929c0 0000000081024193
0x00007ff5410929d0:   00007ff541092a08 00000000810ab7e0
0x00007ff5410929e0:   0000000000000000 00000000810241d0
0x00007ff5410929f0:   00007ff5410929b8 00007ff541092a10
0x00007ff541092a00:   00007ff541092a70 00007ff5350004f7
0x00007ff541092a10:   00007ff500001fa0 00007ff541092c00
0x00007ff541092a20:   00007ff541092af0 00007ff541092b80
0x00007ff541092a30:   00007ff538006800 00007ff5380077d8
0x00007ff541092a40:   00007ff541092ab0 00007ff541092c08
0x00007ff541092a50:   00007ff50000000a 00000000810241d0
0x00007ff541092a60:   00007ff5350103a0 00007ff541092b88
0x00007ff541092a70:   00007ff541092b50 00007ff53fd148d5
0x00007ff541092a80:   0000000000000000 00007ff538006800
0x00007ff541092a90:   00007ff538050210 00007ff541092ab0
0x00007ff541092aa0:   00007ff5350103a0 00007ff50000000a
0x00007ff541092ab0:   00007ff538006800 00007ff538099a10
0x00007ff541092ac0:   00000000810241d0 0000000000000000
0x00007ff541092ad0:   00007ff5410933f0 00007ff535011f64
0x00007ff541092ae0:   00007ff541093440 00007ff541092c00
0x00007ff541092af0:   00007ff538006800 00007ff5380062d0
0x00007ff541092b00:   00007ff538007620 00007ff5380077e0
0x00007ff541092b10:   00007ff538007a08 00007ff541092d20
0x00007ff541092b20:   00007ff538033150 00000000810241d0
0x00007ff541092b30:   00007ff538006800 00007ff541092cb0
0x00007ff541092b40:   0000000081002db0 00007ff541092c30
0x00007ff541092b50:   00007ff541092b70 00007ff53fd133f8
0x00007ff541092b60:   00000000810241d0 00007ff5380077d8
0x00007ff541092b70:   00007ff541092c20 00007ff53fcd6c8a
0x00007ff541092b80:   00007ff541092bd0 0000000000000000
0x00007ff541092b90:   00007ff541092bb0 00007fffeedff814
0x00007ff541092ba0:   00007ff541092bf0 0000000000000000 

Instructions: (pc=0x0000000000000000)
0xffffffffffffffe0:   

Register to memory mapping:

RAX=0x0000000000000000 is an unknown value
RBX=0x0000000081014e38 is an oop
{method} 
 - klass: {other class}
RCX=0x00000000d7600da0 is an oop
java.lang.Class 
 - klass: 'java/lang/Class'
RDX=0x000000000c800001 is an unknown value
RSP=0x00007ff5410929b0 is pointing into the stack for thread: 0x00007ff538006800
RBP=0x00007ff541092a00 is pointing into the stack for thread: 0x00007ff538006800
RSI=0x0000000000000001 is an unknown value
RDI=0x00007ff538006800 is a thread
R8 =0x00007ff538037270 is an unknown value
R9 =0x0000000000005400 is an unknown value
R10=0x00007ff5404bec80: <offset 0xcfbc80> in /usr/local/java-archive/jdk1.7.0_11/jre/lib/amd64/server/libjvm.so at 0x00007ff53f7c3000
R11=0x00007ff53fa5f400: <offset 0x29c400> in /usr/local/java-archive/jdk1.7.0_11/jre/lib/amd64/server/libjvm.so at 0x00007ff53f7c3000
R12=0x0000000000000000 is an unknown value
R13=0x00007ff5410929b8 is pointing into the stack for thread: 0x00007ff538006800
R14=0x00007ff541092a08 is pointing into the stack for thread: 0x00007ff538006800
R15=0x00007ff538006800 is a thread


Stack: [0x00007ff540f94000,0x00007ff541095000],  sp=0x00007ff5410929b0,  free space=1018k

---------------  P R O C E S S  ---------------

Java Threads: ( => current thread )
=>0x00007ff538006800 JavaThread "main" [_thread_in_Java, id=24751, stack(0x00007ff540f94000,0x00007ff541095000)]

Other Threads:
  0x00007ff538098000 VMThread [stack: 0x00007ff517dfe000,0x00007ff517eff000] [id=24764]

VM state:not at safepoint (normal execution)

VM Mutex/Monitor currently owned by a thread: None

Heap
 PSYoungGen      total 36416K, used 624K [0x00000000d7600000, 0x00000000d9ea0000, 0x0000000100000000)
  eden space 31232K, 2% used [0x00000000d7600000,0x00000000d769c2f8,0x00000000d9480000)
  from space 5184K, 0% used [0x00000000d9990000,0x00000000d9990000,0x00000000d9ea0000)
  to   space 5184K, 0% used [0x00000000d9480000,0x00000000d9480000,0x00000000d9990000)
 ParOldGen       total 83200K, used 0K [0x0000000086200000, 0x000000008b340000, 0x00000000d7600000)
  object space 83200K, 0% used [0x0000000086200000,0x0000000086200000,0x000000008b340000)
 PSPermGen       total 21248K, used 822K [0x0000000081000000, 0x00000000824c0000, 0x0000000086200000)
  object space 21248K, 3% used [0x0000000081000000,0x00000000810cdb00,0x00000000824c0000)

Card table byte_map: [0x00007ff53e82a000,0x00007ff53ec23000] byte_map_base: 0x00007ff53e422000

Polling page: 0x00007ff5410d3000

Code Cache  [0x00007ff535000000, 0x00007ff535270000, 0x00007ff538000000)
 total_blobs=60 nmethods=0 adapters=36 free_code_cache=48826Kb largest_free_block=49997888

Compilation events (0 events):
No events

GC Heap History (0 events):
No events

Deoptimization events (0 events):
No events

Internal exceptions (0 events):
No events

Events (10 events):
Event: 0.110 loading class 0x00007ff5380310d0 done
Event: 0.110 loading class 0x00007ff5380310a0 done
Event: 0.111 loading class 0x00007ff538067eb0
Event: 0.111 loading class 0x00007ff538067eb0 done
Event: 0.111 loading class 0x00007ff538064410
Event: 0.111 loading class 0x00007ff538064410 done
Event: 0.111 loading class 0x00007ff5380715f0
Event: 0.111 loading class 0x00007ff5380715f0 done
Event: 0.111 loading class 0x00007ff538071320
Event: 0.111 loading class 0x00007ff538071320 done


Dynamic libraries:
00400000-00401000 r-xp 00000000 08:03 1721626                            /usr/local/java-archive/jdk1.7.0_11/bin/java
00600000-00601000 rw-p 00000000 08:03 1721626                            /usr/local/java-archive/jdk1.7.0_11/bin/java
0139f000-013c0000 rw-p 00000000 00:00 0                                  [heap]
81000000-824c0000 rw-p 00000000 00:00 0 
824c0000-86200000 rw-p 00000000 00:00 0 
86200000-8b340000 rw-p 00000000 00:00 0 
8b340000-d7600000 rw-p 00000000 00:00 0 
d7600000-d9ea0000 rw-p 00000000 00:00 0 
d9ea0000-100000000 rw-p 00000000 00:00 0 
7ff504000000-7ff504021000 rw-p 00000000 00:00 0 
7ff504021000-7ff508000000 ---p 00000000 00:00 0 
7ff50c000000-7ff50c021000 rw-p 00000000 00:00 0 
7ff50c021000-7ff510000000 ---p 00000000 00:00 0 
7ff510000000-7ff510021000 rw-p 00000000 00:00 0 
7ff510021000-7ff514000000 ---p 00000000 00:00 0 
7ff517cfd000-7ff517dfe000 rw-p 00000000 00:00 0 
7ff517dfe000-7ff517dff000 ---p 00000000 00:00 0 
7ff517dff000-7ff518000000 rw-p 00000000 00:00 0 
7ff518000000-7ff518021000 rw-p 00000000 00:00 0 
7ff518021000-7ff51c000000 ---p 00000000 00:00 0 
7ff51c080000-7ff520000000 rw-p 00000000 00:00 0 
7ff520000000-7ff520021000 rw-p 00000000 00:00 0 
7ff520021000-7ff524000000 ---p 00000000 00:00 0 
7ff524000000-7ff524021000 rw-p 00000000 00:00 0 
7ff524021000-7ff528000000 ---p 00000000 00:00 0 
7ff528000000-7ff528021000 rw-p 00000000 00:00 0 
7ff528021000-7ff52c000000 ---p 00000000 00:00 0 
7ff52c000000-7ff52c021000 rw-p 00000000 00:00 0 
7ff52c021000-7ff530000000 ---p 00000000 00:00 0 
7ff530000000-7ff530021000 rw-p 00000000 00:00 0 
7ff530021000-7ff534000000 ---p 00000000 00:00 0 
7ff53400a000-7ff535000000 rw-p 00000000 00:00 0 
7ff535000000-7ff535270000 rwxp 00000000 00:00 0 
7ff535270000-7ff5380a2000 rw-p 00000000 00:00 0 
7ff5380a2000-7ff53c000000 ---p 00000000 00:00 0 
7ff53c036000-7ff53cbd2000 rw-p 00000000 00:00 0 
7ff53cbd2000-7ff53cd8f000 r--s 039dc000 08:03 1722041                    /usr/local/java-archive/jdk1.7.0_11/jre/lib/rt.jar
7ff53cd8f000-7ff53dd6f000 rw-p 00000000 00:00 0 
7ff53dd6f000-7ff53dd70000 ---p 00000000 00:00 0 
7ff53dd70000-7ff53de70000 rw-p 00000000 00:00 0 
7ff53de70000-7ff53de71000 ---p 00000000 00:00 0 
7ff53de71000-7ff53df71000 rw-p 00000000 00:00 0 
7ff53df71000-7ff53df72000 ---p 00000000 00:00 0 
7ff53df72000-7ff53e072000 rw-p 00000000 00:00 0 
7ff53e072000-7ff53e073000 ---p 00000000 00:00 0 
7ff53e073000-7ff53e173000 rw-p 00000000 00:00 0 
7ff53e173000-7ff53e174000 ---p 00000000 00:00 0 
7ff53e174000-7ff53e274000 rw-p 00000000 00:00 0 
7ff53e274000-7ff53e275000 ---p 00000000 00:00 0 
7ff53e275000-7ff53e375000 rw-p 00000000 00:00 0 
7ff53e375000-7ff53e376000 ---p 00000000 00:00 0 
7ff53e376000-7ff53e476000 rw-p 00000000 00:00 0 
7ff53e476000-7ff53e477000 ---p 00000000 00:00 0 
7ff53e477000-7ff53e582000 rw-p 00000000 00:00 0 
7ff53e582000-7ff53e5a0000 rw-p 00000000 00:00 0 
7ff53e5a0000-7ff53e5c9000 rw-p 00000000 00:00 0 
7ff53e5c9000-7ff53e82a000 rw-p 00000000 00:00 0 
7ff53e82a000-7ff53e835000 rw-p 00000000 00:00 0 
7ff53e835000-7ff53e853000 rw-p 00000000 00:00 0 
7ff53e853000-7ff53e87c000 rw-p 00000000 00:00 0 
7ff53e87c000-7ff53eadd000 rw-p 00000000 00:00 0 
7ff53eadd000-7ff53eaf2000 rw-p 00000000 00:00 0 
7ff53eaf2000-7ff53ec22000 rw-p 00000000 00:00 0 
7ff53ec22000-7ff53ec2d000 rw-p 00000000 00:00 0 
7ff53ec2d000-7ff53ece3000 rw-p 00000000 00:00 0 
7ff53ece3000-7ff53ecfd000 r-xp 00000000 08:03 1721800                    /usr/local/java-archive/jdk1.7.0_11/jre/lib/amd64/libzip.so
7ff53ecfd000-7ff53eefd000 ---p 0001a000 08:03 1721800                    /usr/local/java-archive/jdk1.7.0_11/jre/lib/amd64/libzip.so
7ff53eefd000-7ff53eefe000 rw-p 0001a000 08:03 1721800                    /usr/local/java-archive/jdk1.7.0_11/jre/lib/amd64/libzip.so
7ff53eefe000-7ff53ef27000 r-xp 00000000 08:03 1721769                    /usr/local/java-archive/jdk1.7.0_11/jre/lib/amd64/libjava.so
7ff53ef27000-7ff53f127000 ---p 00029000 08:03 1721769                    /usr/local/java-archive/jdk1.7.0_11/jre/lib/amd64/libjava.so
7ff53f127000-7ff53f129000 rw-p 00029000 08:03 1721769                    /usr/local/java-archive/jdk1.7.0_11/jre/lib/amd64/libjava.so
7ff53f129000-7ff53f136000 r-xp 00000000 08:03 1721799                    /usr/local/java-archive/jdk1.7.0_11/jre/lib/amd64/libverify.so
7ff53f136000-7ff53f335000 ---p 0000d000 08:03 1721799                    /usr/local/java-archive/jdk1.7.0_11/jre/lib/amd64/libverify.so
7ff53f335000-7ff53f337000 rw-p 0000c000 08:03 1721799                    /usr/local/java-archive/jdk1.7.0_11/jre/lib/amd64/libverify.so
7ff53f337000-7ff53f33e000 r-xp 00000000 08:07 393589                     /lib64/librt-2.12.so
7ff53f33e000-7ff53f53d000 ---p 00007000 08:07 393589                     /lib64/librt-2.12.so
7ff53f53d000-7ff53f53e000 r--p 00006000 08:07 393589                     /lib64/librt-2.12.so
7ff53f53e000-7ff53f53f000 rw-p 00007000 08:07 393589                     /lib64/librt-2.12.so
7ff53f53f000-7ff53f5c2000 r-xp 00000000 08:07 393564                     /lib64/libm-2.12.so
7ff53f5c2000-7ff53f7c1000 ---p 00083000 08:07 393564                     /lib64/libm-2.12.so
7ff53f7c1000-7ff53f7c2000 r--p 00082000 08:07 393564                     /lib64/libm-2.12.so
7ff53f7c2000-7ff53f7c3000 rw-p 00083000 08:07 393564                     /lib64/libm-2.12.so
7ff53f7c3000-7ff54020a000 r-xp 00000000 08:03 1721804                    /usr/local/java-archive/jdk1.7.0_11/jre/lib/amd64/server/libjvm.so
7ff54020a000-7ff54040a000 ---p 00a47000 08:03 1721804                    /usr/local/java-archive/jdk1.7.0_11/jre/lib/amd64/server/libjvm.so
7ff54040a000-7ff5404ad000 rw-p 00a47000 08:03 1721804                    /usr/local/java-archive/jdk1.7.0_11/jre/lib/amd64/server/libjvm.so
7ff5404ad000-7ff5404e9000 rw-p 00000000 00:00 0 
7ff5404e9000-7ff540673000 r-xp 00000000 08:07 393440                     /lib64/libc-2.12.so
7ff540673000-7ff540873000 ---p 0018a000 08:07 393440                     /lib64/libc-2.12.so
7ff540873000-7ff540877000 r--p 0018a000 08:07 393440                     /lib64/libc-2.12.so
7ff540877000-7ff540878000 rw-p 0018e000 08:07 393440                     /lib64/libc-2.12.so
7ff540878000-7ff54087d000 rw-p 00000000 00:00 0 
7ff54087d000-7ff54087f000 r-xp 00000000 08:07 393560                     /lib64/libdl-2.12.so
7ff54087f000-7ff540a7f000 ---p 00002000 08:07 393560                     /lib64/libdl-2.12.so
7ff540a7f000-7ff540a80000 r--p 00002000 08:07 393560                     /lib64/libdl-2.12.so
7ff540a80000-7ff540a81000 rw-p 00003000 08:07 393560                     /lib64/libdl-2.12.so
7ff540a81000-7ff540a97000 r-xp 00000000 08:03 1721751                    /usr/local/java-archive/jdk1.7.0_11/jre/lib/amd64/jli/libjli.so
7ff540a97000-7ff540c97000 ---p 00016000 08:03 1721751                    /usr/local/java-archive/jdk1.7.0_11/jre/lib/amd64/jli/libjli.so
7ff540c97000-7ff540c98000 rw-p 00016000 08:03 1721751                    /usr/local/java-archive/jdk1.7.0_11/jre/lib/amd64/jli/libjli.so
7ff540c98000-7ff540caf000 r-xp 00000000 08:07 393538                     /lib64/libpthread-2.12.so
7ff540caf000-7ff540eaf000 ---p 00017000 08:07 393538                     /lib64/libpthread-2.12.so
7ff540eaf000-7ff540eb0000 r--p 00017000 08:07 393538                     /lib64/libpthread-2.12.so
7ff540eb0000-7ff540eb1000 rw-p 00018000 08:07 393538                     /lib64/libpthread-2.12.so
7ff540eb1000-7ff540eb5000 rw-p 00000000 00:00 0 
7ff540eb5000-7ff540ed5000 r-xp 00000000 08:07 393551                     /lib64/ld-2.12.so
7ff540f07000-7ff540f28000 rw-p 00000000 00:00 0 
7ff540f28000-7ff540f94000 r--s 00000000 08:06 133512                     /var/db/nscd/passwd
7ff540f94000-7ff540f97000 ---p 00000000 00:00 0 
7ff540f97000-7ff541099000 rw-p 00000000 00:00 0 
7ff5410a2000-7ff5410ca000 rw-p 00000000 00:00 0 
7ff5410ca000-7ff5410d2000 rw-s 00000000 08:05 1293                       /tmp/hsperfdata_lwc28/24749
7ff5410d2000-7ff5410d3000 rw-p 00000000 00:00 0 
7ff5410d3000-7ff5410d4000 r--p 00000000 00:00 0 
7ff5410d4000-7ff5410d5000 r--p 0001f000 08:07 393551                     /lib64/ld-2.12.so
7ff5410d5000-7ff5410d6000 rw-p 00020000 08:07 393551                     /lib64/ld-2.12.so
7ff5410d6000-7ff5410d8000 rw-p 00000000 00:00 0 
7fffeed15000-7fffeed2a000 rw-p 00000000 00:00 0                          [stack]
7fffeedff000-7fffeee00000 r-xp 00000000 00:00 0                          [vdso]
ffffffffff600000-ffffffffff601000 r-xp 00000000 00:00 0                  [vsyscall]

VM Arguments:
jvm_args: -Dfile.encoding=UTF-8 
java_command: apps.Friends
Launcher Type: SUN_STANDARD

Environment Variables:
JAVA_HOME=/usr/local/java1.7
PATH=/usr/local/java1.7/bin:/usr/lib64/qt-3.3/bin:/usr/kerberos/sbin:/usr/kerberos/bin:/usr/local/bin:/usr/bin:/bin:/usr/local/sbin:/usr/sbin:/sbin
USERNAME=lwc28
SHELL=/bin/bash
DISPLAY=:0.0

Signal Handlers:
SIGSEGV: [libjvm.so+0x8a5c80], sa_mask[0]=0x7ffbfeff, sa_flags=0x10000004
SIGBUS: [libjvm.so+0x8a5c80], sa_mask[0]=0x7ffbfeff, sa_flags=0x10000004
SIGFPE: [libjvm.so+0x741d60], sa_mask[0]=0x7ffbfeff, sa_flags=0x10000004
SIGPIPE: [libjvm.so+0x741d60], sa_mask[0]=0x7ffbfeff, sa_flags=0x10000004
SIGXFSZ: [libjvm.so+0x741d60], sa_mask[0]=0x7ffbfeff, sa_flags=0x10000004
SIGILL: [libjvm.so+0x741d60], sa_mask[0]=0x7ffbfeff, sa_flags=0x10000004
SIGUSR1: SIG_DFL, sa_mask[0]=0x00000000, sa_flags=0x00000000
SIGUSR2: [libjvm.so+0x7416b0], sa_mask[0]=0x00000004, sa_flags=0x10000004
SIGHUP: SIG_DFL, sa_mask[0]=0x00000000, sa_flags=0x00000000
SIGINT: SIG_DFL, sa_mask[0]=0x00000000, sa_flags=0x00000000
SIGTERM: SIG_DFL, sa_mask[0]=0x00000000, sa_flags=0x00000000
SIGQUIT: SIG_DFL, sa_mask[0]=0x00000000, sa_flags=0x00000000


---------------  S Y S T E M  ---------------

OS:CentOS release 6.6 (Final)

uname:Linux 2.6.32-358.14.1.el6.x86_64 #1 SMP Tue Jul 16 23:51:20 UTC 2013 x86_64
libc:glibc 2.12 NPTL 2.12 
rlimit: STACK 10240k, CORE 0k, NPROC 1024, NOFILE 4096, AS infinity
load average:13.17 13.08 13.08

/proc/meminfo:
MemTotal:        7986728 kB
MemFree:          713712 kB
Buffers:         1608696 kB
Cached:          1481124 kB
SwapCached:          160 kB
Active:          3051720 kB
Inactive:        1741784 kB
Active(anon):    1232800 kB
Inactive(anon):   476936 kB
Active(file):    1818920 kB
Inactive(file):  1264848 kB
Unevictable:           0 kB
Mlocked:               0 kB
SwapTotal:       8388600 kB
SwapFree:        8386700 kB
Dirty:               920 kB
Writeback:             0 kB
AnonPages:       1703908 kB
Mapped:           301308 kB
Shmem:              6032 kB
Slab:            2083864 kB
SReclaimable:    1988160 kB
SUnreclaim:        95704 kB
KernelStack:       11168 kB
PageTables:        30524 kB
NFS_Unstable:          0 kB
Bounce:                0 kB
WritebackTmp:          0 kB
CommitLimit:    12381964 kB
Committed_AS:   11896876 kB
VmallocTotal:   34359738367 kB
VmallocUsed:      320200 kB
VmallocChunk:   34359414652 kB
HardwareCorrupted:     0 kB
AnonHugePages:   1001472 kB
HugePages_Total:       0
HugePages_Free:        0
HugePages_Rsvd:        0
HugePages_Surp:        0
Hugepagesize:       2048 kB
DirectMap4k:       72992 kB
DirectMap2M:     2998272 kB
DirectMap1G:     5242880 kB


CPU:total 8 (4 cores per cpu, 2 threads per core) family 6 model 45 stepping 7, cmov, cx8, fxsr, mmx, sse, sse2, sse3, ssse3, sse4.1, sse4.2, popcnt, avx, ht, tsc, tscinvbit, tscinv

/proc/cpuinfo:
processor	: 0
vendor_id	: GenuineIntel
cpu family	: 6
model		: 45
model name	: Intel(R) Xeon(R) CPU E5-1620 0 @ 3.60GHz
stepping	: 7
cpu MHz		: 3591.387
cache size	: 10240 KB
physical id	: 0
siblings	: 8
core id		: 0
cpu cores	: 4
apicid		: 0
initial apicid	: 0
fpu		: yes
fpu_exception	: yes
cpuid level	: 13
wp		: yes
flags		: fpu vme de pse tsc msr pae mce cx8 apic sep mtrr pge mca cmov pat pse36 clflush dts acpi mmx fxsr sse sse2 ss ht tm pbe syscall nx pdpe1gb rdtscp lm constant_tsc arch_perfmon pebs bts rep_good xtopology nonstop_tsc aperfmperf pni pclmulqdq dtes64 monitor ds_cpl vmx smx est tm2 ssse3 cx16 xtpr pdcm pcid dca sse4_1 sse4_2 x2apic popcnt tsc_deadline_timer aes xsave avx lahf_lm ida arat epb xsaveopt pln pts dts tpr_shadow vnmi flexpriority ept vpid
bogomips	: 7182.77
clflush size	: 64
cache_alignment	: 64
address sizes	: 46 bits physical, 48 bits virtual
power management:

processor	: 1
vendor_id	: GenuineIntel
cpu family	: 6
model		: 45
model name	: Intel(R) Xeon(R) CPU E5-1620 0 @ 3.60GHz
stepping	: 7
cpu MHz		: 3591.387
cache size	: 10240 KB
physical id	: 0
siblings	: 8
core id		: 1
cpu cores	: 4
apicid		: 2
initial apicid	: 2
fpu		: yes
fpu_exception	: yes
cpuid level	: 13
wp		: yes
flags		: fpu vme de pse tsc msr pae mce cx8 apic sep mtrr pge mca cmov pat pse36 clflush dts acpi mmx fxsr sse sse2 ss ht tm pbe syscall nx pdpe1gb rdtscp lm constant_tsc arch_perfmon pebs bts rep_good xtopology nonstop_tsc aperfmperf pni pclmulqdq dtes64 monitor ds_cpl vmx smx est tm2 ssse3 cx16 xtpr pdcm pcid dca sse4_1 sse4_2 x2apic popcnt tsc_deadline_timer aes xsave avx lahf_lm ida arat epb xsaveopt pln pts dts tpr_shadow vnmi flexpriority ept vpid
bogomips	: 7182.77
clflush size	: 64
cache_alignment	: 64
address sizes	: 46 bits physical, 48 bits virtual
power management:

processor	: 2
vendor_id	: GenuineIntel
cpu family	: 6
model		: 45
model name	: Intel(R) Xeon(R) CPU E5-1620 0 @ 3.60GHz
stepping	: 7
cpu MHz		: 3591.387
cache size	: 10240 KB
physical id	: 0
siblings	: 8
core id		: 2
cpu cores	: 4
apicid		: 4
initial apicid	: 4
fpu		: yes
fpu_exception	: yes
cpuid level	: 13
wp		: yes
flags		: fpu vme de pse tsc msr pae mce cx8 apic sep mtrr pge mca cmov pat pse36 clflush dts acpi mmx fxsr sse sse2 ss ht tm pbe syscall nx pdpe1gb rdtscp lm constant_tsc arch_perfmon pebs bts rep_good xtopology nonstop_tsc aperfmperf pni pclmulqdq dtes64 monitor ds_cpl vmx smx est tm2 ssse3 cx16 xtpr pdcm pcid dca sse4_1 sse4_2 x2apic popcnt tsc_deadline_timer aes xsave avx lahf_lm ida arat epb xsaveopt pln pts dts tpr_shadow vnmi flexpriority ept vpid
bogomips	: 7182.77
clflush size	: 64
cache_alignment	: 64
address sizes	: 46 bits physical, 48 bits virtual
power management:

processor	: 3
vendor_id	: GenuineIntel
cpu family	: 6
model		: 45
model name	: Intel(R) Xeon(R) CPU E5-1620 0 @ 3.60GHz
stepping	: 7
cpu MHz		: 3591.387
cache size	: 10240 KB
physical id	: 0
siblings	: 8
core id		: 3
cpu cores	: 4
apicid		: 6
initial apicid	: 6
fpu		: yes
fpu_exception	: yes
cpuid level	: 13
wp		: yes
flags		: fpu vme de pse tsc msr pae mce cx8 apic sep mtrr pge mca cmov pat pse36 clflush dts acpi mmx fxsr sse sse2 ss ht tm pbe syscall nx pdpe1gb rdtscp lm constant_tsc arch_perfmon pebs bts rep_good xtopology nonstop_tsc aperfmperf pni pclmulqdq dtes64 monitor ds_cpl vmx smx est tm2 ssse3 cx16 xtpr pdcm pcid dca sse4_1 sse4_2 x2apic popcnt tsc_deadline_timer aes xsave avx lahf_lm ida arat epb xsaveopt pln pts dts tpr_shadow vnmi flexpriority ept vpid
bogomips	: 7182.77
clflush size	: 64
cache_alignment	: 64
address sizes	: 46 bits physical, 48 bits virtual
power management:

processor	: 4
vendor_id	: GenuineIntel
cpu family	: 6
model		: 45
model name	: Intel(R) Xeon(R) CPU E5-1620 0 @ 3.60GHz
stepping	: 7
cpu MHz		: 3591.387
cache size	: 10240 KB
physical id	: 0
siblings	: 8
core id		: 0
cpu cores	: 4
apicid		: 1
initial apicid	: 1
fpu		: yes
fpu_exception	: yes
cpuid level	: 13
wp		: yes
flags		: fpu vme de pse tsc msr pae mce cx8 apic sep mtrr pge mca cmov pat pse36 clflush dts acpi mmx fxsr sse sse2 ss ht tm pbe syscall nx pdpe1gb rdtscp lm constant_tsc arch_perfmon pebs bts rep_good xtopology nonstop_tsc aperfmperf pni pclmulqdq dtes64 monitor ds_cpl vmx smx est tm2 ssse3 cx16 xtpr pdcm pcid dca sse4_1 sse4_2 x2apic popcnt tsc_deadline_timer aes xsave avx lahf_lm ida arat epb xsaveopt pln pts dts tpr_shadow vnmi flexpriority ept vpid
bogomips	: 7182.77
clflush size	: 64
cache_alignment	: 64
address sizes	: 46 bits physical, 48 bits virtual
power management:

processor	: 5
vendor_id	: GenuineIntel
cpu family	: 6
model		: 45
model name	: Intel(R) Xeon(R) CPU E5-1620 0 @ 3.60GHz
stepping	: 7
cpu MHz		: 3591.387
cache size	: 10240 KB
physical id	: 0
siblings	: 8
core id		: 1
cpu cores	: 4
apicid		: 3
initial apicid	: 3
fpu		: yes
fpu_exception	: yes
cpuid level	: 13
wp		: yes
flags		: fpu vme de pse tsc msr pae mce cx8 apic sep mtrr pge mca cmov pat pse36 clflush dts acpi mmx fxsr sse sse2 ss ht tm pbe syscall nx pdpe1gb rdtscp lm constant_tsc arch_perfmon pebs bts rep_good xtopology nonstop_tsc aperfmperf pni pclmulqdq dtes64 monitor ds_cpl vmx smx est tm2 ssse3 cx16 xtpr pdcm pcid dca sse4_1 sse4_2 x2apic popcnt tsc_deadline_timer aes xsave avx lahf_lm ida arat epb xsaveopt pln pts dts tpr_shadow vnmi flexpriority ept vpid
bogomips	: 7182.77
clflush size	: 64
cache_alignment	: 64
address sizes	: 46 bits physical, 48 bits virtual
power management:

processor	: 6
vendor_id	: GenuineIntel
cpu family	: 6
model		: 45
model name	: Intel(R) Xeon(R) CPU E5-1620 0 @ 3.60GHz
stepping	: 7
cpu MHz		: 3591.387
cache size	: 10240 KB
physical id	: 0
siblings	: 8
core id		: 2
cpu cores	: 4
apicid		: 5
initial apicid	: 5
fpu		: yes
fpu_exception	: yes
cpuid level	: 13
wp		: yes
flags		: fpu vme de pse tsc msr pae mce cx8 apic sep mtrr pge mca cmov pat pse36 clflush dts acpi mmx fxsr sse sse2 ss ht tm pbe syscall nx pdpe1gb rdtscp lm constant_tsc arch_perfmon pebs bts rep_good xtopology nonstop_tsc aperfmperf pni pclmulqdq dtes64 monitor ds_cpl vmx smx est tm2 ssse3 cx16 xtpr pdcm pcid dca sse4_1 sse4_2 x2apic popcnt tsc_deadline_timer aes xsave avx lahf_lm ida arat epb xsaveopt pln pts dts tpr_shadow vnmi flexpriority ept vpid
bogomips	: 7182.77
clflush size	: 64
cache_alignment	: 64
address sizes	: 46 bits physical, 48 bits virtual
power management:

processor	: 7
vendor_id	: GenuineIntel
cpu family	: 6
model		: 45
model name	: Intel(R) Xeon(R) CPU E5-1620 0 @ 3.60GHz
stepping	: 7
cpu MHz		: 3591.387
cache size	: 10240 KB
physical id	: 0
siblings	: 8
core id		: 3
cpu cores	: 4
apicid		: 7
initial apicid	: 7
fpu		: yes
fpu_exception	: yes
cpuid level	: 13
wp		: yes
flags		: fpu vme de pse tsc msr pae mce cx8 apic sep mtrr pge mca cmov pat pse36 clflush dts acpi mmx fxsr sse sse2 ss ht tm pbe syscall nx pdpe1gb rdtscp lm constant_tsc arch_perfmon pebs bts rep_good xtopology nonstop_tsc aperfmperf pni pclmulqdq dtes64 monitor ds_cpl vmx smx est tm2 ssse3 cx16 xtpr pdcm pcid dca sse4_1 sse4_2 x2apic popcnt tsc_deadline_timer aes xsave avx lahf_lm ida arat epb xsaveopt pln pts dts tpr_shadow vnmi flexpriority ept vpid
bogomips	: 7182.77
clflush size	: 64
cache_alignment	: 64
address sizes	: 46 bits physical, 48 bits virtual
power management:



Memory: 4k page, physical 7986728k(713712k free), swap 8388600k(8386700k free)

vm_info: Java HotSpot(TM) 64-Bit Server VM (23.6-b04) for linux-amd64 JRE (1.7.0_11-b21), built on Jan 12 2013 01:43:03 by "java_re" with gcc 4.3.0 20080428 (Red Hat 4.3.0-8)

time: Mon Dec  8 00:50:58 2014
elapsed time: 0 seconds

