#
# A fatal error has been detected by the Java Runtime Environment:
#
#  SIGSEGV (0xb) at pc=0x0000000000000000, pid=24727, tid=140021164873472
#
# JRE version: 7.0_11-b21
# Java VM: Java HotSpot(TM) 64-Bit Server VM (23.6-b04 mixed mode linux-amd64 compressed oops)
# Problematic frame:
# C  0x0000000000000000
#
# Failed to write core dump. Core dumps have been disabled. To enable core dumping, try "ulimit -c unlimited" before starting Java again
#
# If you would like to submit a bug report, please visit:
#   http://bugreport.sun.com/bugreport/crash.jsp
#

---------------  T H R E A D  ---------------

Current thread (0x00007f5930006800):  JavaThread "main" [_thread_in_Java, id=24730, stack(0x00007f5937bb1000,0x00007f5937cb2000)]

siginfo:si_signo=SIGSEGV: si_errno=0, si_code=1 (SEGV_MAPERR), si_addr=0x0000000000000000

Registers:
RAX=0x0000000000000000, RBX=0x0000000081014e38, RCX=0x00000000d7600da0, RDX=0x000000000c800001
RSP=0x00007f5937cafc50, RBP=0x00007f5937cafca0, RSI=0x0000000000000001, RDI=0x00007f5930006800
R8 =0x00007f5930037270, R9 =0x0000000000005400, R10=0x00007f59370dbc80, R11=0x00007f593667c400
R12=0x0000000000000000, R13=0x00007f5937cafc58, R14=0x00007f5937cafca8, R15=0x00007f5930006800
RIP=0x0000000000000000, EFLAGS=0x0000000000010246, CSGSFS=0x0000000000000033, ERR=0x0000000000000014
  TRAPNO=0x000000000000000e

Top of Stack: (sp=0x00007f5937cafc50)
0x00007f5937cafc50:   00007f592d006450 00000000d7600da0
0x00007f5937cafc60:   00007f5937cafc60 0000000081024193
0x00007f5937cafc70:   00007f5937cafca8 00000000810ab7e0
0x00007f5937cafc80:   0000000000000000 00000000810241d0
0x00007f5937cafc90:   00007f5937cafc58 00007f5937cafcb0
0x00007f5937cafca0:   00007f5937cafd10 00007f592d0004f7
0x00007f5937cafcb0:   00007f5900001fa0 00007f5937cafea0
0x00007f5937cafcc0:   00007f5937cafd90 00007f5937cafe20
0x00007f5937cafcd0:   00007f5930006800 00007f59300077c8
0x00007f5937cafce0:   00007f5937cafd50 00007f5937cafea8
0x00007f5937cafcf0:   00007f590000000a 00000000810241d0
0x00007f5937cafd00:   00007f592d0103a0 00007f5937cafe28
0x00007f5937cafd10:   00007f5937cafdf0 00007f59369318d5
0x00007f5937cafd20:   0000000000000000 00007f5930006800
0x00007f5937cafd30:   00007f593004fff0 00007f5937cafd50
0x00007f5937cafd40:   00007f592d0103a0 00007f590000000a
0x00007f5937cafd50:   00007f5930006800 00007f5930099a10
0x00007f5937cafd60:   00000000810241d0 0000000000000000
0x00007f5937cafd70:   00007f5937cb0690 00007f592d011f64
0x00007f5937cafd80:   00007f5937cb06e0 00007f5937cafea0
0x00007f5937cafd90:   00007f5930006800 00007f59300062d0
0x00007f5937cafda0:   00007f5930007620 00007f59300077d0
0x00007f5937cafdb0:   00007f5930007a08 00007f5937caffc0
0x00007f5937cafdc0:   00007f5930033150 00000000810241d0
0x00007f5937cafdd0:   00007f5930006800 00007f5937caff50
0x00007f5937cafde0:   0000000081002db0 00007f5937cafed0
0x00007f5937cafdf0:   00007f5937cafe10 00007f59369303f8
0x00007f5937cafe00:   00000000810241d0 00007f59300077c8
0x00007f5937cafe10:   00007f5937cafec0 00007f59368f3c8a
0x00007f5937cafe20:   00007f5937cafe70 0000000000000000
0x00007f5937cafe30:   00007f5937cafe50 00007fffa3549814
0x00007f5937cafe40:   00007f5937cafe90 0000000000000000 

Instructions: (pc=0x0000000000000000)
0xffffffffffffffe0:   

Register to memory mapping:

RAX=0x0000000000000000 is an unknown value
RBX=0x0000000081014e38 is an oop
{method} 
 - klass: {other class}
RCX=0x00000000d7600da0 is an oop
java.lang.Class 
 - klass: 'java/lang/Class'
RDX=0x000000000c800001 is an unknown value
RSP=0x00007f5937cafc50 is pointing into the stack for thread: 0x00007f5930006800
RBP=0x00007f5937cafca0 is pointing into the stack for thread: 0x00007f5930006800
RSI=0x0000000000000001 is an unknown value
RDI=0x00007f5930006800 is a thread
R8 =0x00007f5930037270 is an unknown value
R9 =0x0000000000005400 is an unknown value
R10=0x00007f59370dbc80: <offset 0xcfbc80> in /usr/local/java-archive/jdk1.7.0_11/jre/lib/amd64/server/libjvm.so at 0x00007f59363e0000
R11=0x00007f593667c400: <offset 0x29c400> in /usr/local/java-archive/jdk1.7.0_11/jre/lib/amd64/server/libjvm.so at 0x00007f59363e0000
R12=0x0000000000000000 is an unknown value
R13=0x00007f5937cafc58 is pointing into the stack for thread: 0x00007f5930006800
R14=0x00007f5937cafca8 is pointing into the stack for thread: 0x00007f5930006800
R15=0x00007f5930006800 is a thread


Stack: [0x00007f5937bb1000,0x00007f5937cb2000],  sp=0x00007f5937cafc50,  free space=1019k

---------------  P R O C E S S  ---------------

Java Threads: ( => current thread )
  0x00007f593009f800 JavaThread "Reference Handler" daemon [_thread_blocked, id=24747, stack(0x00007f5906818000,0x00007f5906919000)]
=>0x00007f5930006800 JavaThread "main" [_thread_in_Java, id=24730, stack(0x00007f5937bb1000,0x00007f5937cb2000)]

Other Threads:
  0x00007f5930098000 VMThread [stack: 0x00007f5906919000,0x00007f5906a1a000] [id=24745]

VM state:not at safepoint (normal execution)

VM Mutex/Monitor currently owned by a thread: None

Heap
 PSYoungGen      total 36416K, used 624K [0x00000000d7600000, 0x00000000d9ea0000, 0x0000000100000000)
  eden space 31232K, 2% used [0x00000000d7600000,0x00000000d769c2f8,0x00000000d9480000)
  from space 5184K, 0% used [0x00000000d9990000,0x00000000d9990000,0x00000000d9ea0000)
  to   space 5184K, 0% used [0x00000000d9480000,0x00000000d9480000,0x00000000d9990000)
 ParOldGen       total 83200K, used 0K [0x0000000086200000, 0x000000008b340000, 0x00000000d7600000)
  object space 83200K, 0% used [0x0000000086200000,0x0000000086200000,0x000000008b340000)
 PSPermGen       total 21248K, used 832K [0x0000000081000000, 0x00000000824c0000, 0x0000000086200000)
  object space 21248K, 3% used [0x0000000081000000,0x00000000810d00d0,0x00000000824c0000)

Card table byte_map: [0x00007f5935447000,0x00007f5935840000] byte_map_base: 0x00007f593503f000

Polling page: 0x00007f5937cf0000

Code Cache  [0x00007f592d000000, 0x00007f592d270000, 0x00007f5930000000)
 total_blobs=60 nmethods=0 adapters=36 free_code_cache=48826Kb largest_free_block=49997888

Compilation events (0 events):
No events

GC Heap History (0 events):
No events

Deoptimization events (0 events):
No events

Internal exceptions (0 events):
No events

Events (10 events):
Event: 0.112 loading class 0x00007f5930071320 done
Event: 0.156 Thread 0x00007f593009f800 Thread added: 0x00007f593009f800
Event: 0.156 loading class 0x00007f5930071620
Event: 0.156 loading class 0x00007f5930071620 done
Event: 0.156 loading class 0x00007f59300a1810
Event: 0.156 loading class 0x00007f59300a1810 done
Event: 0.156 loading class 0x00007f59300a17d0
Event: 0.156 loading class 0x00007f59300a17d0 done
Event: 0.156 loading class 0x00007f5930073d40
Event: 0.157 loading class 0x00007f5930073d40 done


Dynamic libraries:
00400000-00401000 r-xp 00000000 08:03 1721626                            /usr/local/java-archive/jdk1.7.0_11/bin/java
00600000-00601000 rw-p 00000000 08:03 1721626                            /usr/local/java-archive/jdk1.7.0_11/bin/java
00e9c000-00ebd000 rw-p 00000000 00:00 0                                  [heap]
81000000-824c0000 rw-p 00000000 00:00 0 
824c0000-86200000 rw-p 00000000 00:00 0 
86200000-8b340000 rw-p 00000000 00:00 0 
8b340000-d7600000 rw-p 00000000 00:00 0 
d7600000-d9ea0000 rw-p 00000000 00:00 0 
d9ea0000-100000000 rw-p 00000000 00:00 0 
7f58f8000000-7f58f8021000 rw-p 00000000 00:00 0 
7f58f8021000-7f58fc000000 ---p 00000000 00:00 0 
7f5900000000-7f5900021000 rw-p 00000000 00:00 0 
7f5900021000-7f5904000000 ---p 00000000 00:00 0 
7f5906717000-7f5906818000 rw-p 00000000 00:00 0 
7f5906818000-7f590681b000 ---p 00000000 00:00 0 
7f590681b000-7f5906919000 rw-p 00000000 00:00 0 
7f5906919000-7f590691a000 ---p 00000000 00:00 0 
7f590691a000-7f5908000000 rw-p 00000000 00:00 0 
7f5908000000-7f5908021000 rw-p 00000000 00:00 0 
7f5908021000-7f590c000000 ---p 00000000 00:00 0 
7f590c000000-7f590c021000 rw-p 00000000 00:00 0 
7f590c021000-7f5910000000 ---p 00000000 00:00 0 
7f5910000000-7f5910021000 rw-p 00000000 00:00 0 
7f5910021000-7f5914000000 ---p 00000000 00:00 0 
7f5914080000-7f5918000000 rw-p 00000000 00:00 0 
7f5918000000-7f5918021000 rw-p 00000000 00:00 0 
7f5918021000-7f591c000000 ---p 00000000 00:00 0 
7f591c000000-7f591c021000 rw-p 00000000 00:00 0 
7f591c021000-7f5920000000 ---p 00000000 00:00 0 
7f5920000000-7f5920021000 rw-p 00000000 00:00 0 
7f5920021000-7f5924000000 ---p 00000000 00:00 0 
7f5924000000-7f5924021000 rw-p 00000000 00:00 0 
7f5924021000-7f5928000000 ---p 00000000 00:00 0 
7f5928000000-7f5928021000 rw-p 00000000 00:00 0 
7f5928021000-7f592c000000 ---p 00000000 00:00 0 
7f592c0c9000-7f592d000000 rw-p 00000000 00:00 0 
7f592d000000-7f592d270000 rwxp 00000000 00:00 0 
7f592d270000-7f59300a4000 rw-p 00000000 00:00 0 
7f59300a4000-7f5934000000 ---p 00000000 00:00 0 
7f5934058000-7f59347cf000 rw-p 00000000 00:00 0 
7f59347cf000-7f593498c000 r--s 039dc000 08:03 1722041                    /usr/local/java-archive/jdk1.7.0_11/jre/lib/rt.jar
7f593498c000-7f593498d000 ---p 00000000 00:00 0 
7f593498d000-7f5934a8d000 rw-p 00000000 00:00 0 
7f5934a8d000-7f5934a8e000 ---p 00000000 00:00 0 
7f5934a8e000-7f5934b8e000 rw-p 00000000 00:00 0 
7f5934b8e000-7f5934b8f000 ---p 00000000 00:00 0 
7f5934b8f000-7f5934c8f000 rw-p 00000000 00:00 0 
7f5934c8f000-7f5934c90000 ---p 00000000 00:00 0 
7f5934c90000-7f5934d90000 rw-p 00000000 00:00 0 
7f5934d90000-7f5934d91000 ---p 00000000 00:00 0 
7f5934d91000-7f5934e91000 rw-p 00000000 00:00 0 
7f5934e91000-7f5934e92000 ---p 00000000 00:00 0 
7f5934e92000-7f5934f92000 rw-p 00000000 00:00 0 
7f5934f92000-7f5934f93000 ---p 00000000 00:00 0 
7f5934f93000-7f5935093000 rw-p 00000000 00:00 0 
7f5935093000-7f5935094000 ---p 00000000 00:00 0 
7f5935094000-7f593519f000 rw-p 00000000 00:00 0 
7f593519f000-7f59351bd000 rw-p 00000000 00:00 0 
7f59351bd000-7f59351e6000 rw-p 00000000 00:00 0 
7f59351e6000-7f5935447000 rw-p 00000000 00:00 0 
7f5935447000-7f5935452000 rw-p 00000000 00:00 0 
7f5935452000-7f5935470000 rw-p 00000000 00:00 0 
7f5935470000-7f5935499000 rw-p 00000000 00:00 0 
7f5935499000-7f59356fa000 rw-p 00000000 00:00 0 
7f59356fa000-7f593570f000 rw-p 00000000 00:00 0 
7f593570f000-7f593583f000 rw-p 00000000 00:00 0 
7f593583f000-7f593584a000 rw-p 00000000 00:00 0 
7f593584a000-7f5935900000 rw-p 00000000 00:00 0 
7f5935900000-7f593591a000 r-xp 00000000 08:03 1721800                    /usr/local/java-archive/jdk1.7.0_11/jre/lib/amd64/libzip.so
7f593591a000-7f5935b1a000 ---p 0001a000 08:03 1721800                    /usr/local/java-archive/jdk1.7.0_11/jre/lib/amd64/libzip.so
7f5935b1a000-7f5935b1b000 rw-p 0001a000 08:03 1721800                    /usr/local/java-archive/jdk1.7.0_11/jre/lib/amd64/libzip.so
7f5935b1b000-7f5935b44000 r-xp 00000000 08:03 1721769                    /usr/local/java-archive/jdk1.7.0_11/jre/lib/amd64/libjava.so
7f5935b44000-7f5935d44000 ---p 00029000 08:03 1721769                    /usr/local/java-archive/jdk1.7.0_11/jre/lib/amd64/libjava.so
7f5935d44000-7f5935d46000 rw-p 00029000 08:03 1721769                    /usr/local/java-archive/jdk1.7.0_11/jre/lib/amd64/libjava.so
7f5935d46000-7f5935d53000 r-xp 00000000 08:03 1721799                    /usr/local/java-archive/jdk1.7.0_11/jre/lib/amd64/libverify.so
7f5935d53000-7f5935f52000 ---p 0000d000 08:03 1721799                    /usr/local/java-archive/jdk1.7.0_11/jre/lib/amd64/libverify.so
7f5935f52000-7f5935f54000 rw-p 0000c000 08:03 1721799                    /usr/local/java-archive/jdk1.7.0_11/jre/lib/amd64/libverify.so
7f5935f54000-7f5935f5b000 r-xp 00000000 08:07 393589                     /lib64/librt-2.12.so
7f5935f5b000-7f593615a000 ---p 00007000 08:07 393589                     /lib64/librt-2.12.so
7f593615a000-7f593615b000 r--p 00006000 08:07 393589                     /lib64/librt-2.12.so
7f593615b000-7f593615c000 rw-p 00007000 08:07 393589                     /lib64/librt-2.12.so
7f593615c000-7f59361df000 r-xp 00000000 08:07 393564                     /lib64/libm-2.12.so
7f59361df000-7f59363de000 ---p 00083000 08:07 393564                     /lib64/libm-2.12.so
7f59363de000-7f59363df000 r--p 00082000 08:07 393564                     /lib64/libm-2.12.so
7f59363df000-7f59363e0000 rw-p 00083000 08:07 393564                     /lib64/libm-2.12.so
7f59363e0000-7f5936e27000 r-xp 00000000 08:03 1721804                    /usr/local/java-archive/jdk1.7.0_11/jre/lib/amd64/server/libjvm.so
7f5936e27000-7f5937027000 ---p 00a47000 08:03 1721804                    /usr/local/java-archive/jdk1.7.0_11/jre/lib/amd64/server/libjvm.so
7f5937027000-7f59370ca000 rw-p 00a47000 08:03 1721804                    /usr/local/java-archive/jdk1.7.0_11/jre/lib/amd64/server/libjvm.so
7f59370ca000-7f5937106000 rw-p 00000000 00:00 0 
7f5937106000-7f5937290000 r-xp 00000000 08:07 393440                     /lib64/libc-2.12.so
7f5937290000-7f5937490000 ---p 0018a000 08:07 393440                     /lib64/libc-2.12.so
7f5937490000-7f5937494000 r--p 0018a000 08:07 393440                     /lib64/libc-2.12.so
7f5937494000-7f5937495000 rw-p 0018e000 08:07 393440                     /lib64/libc-2.12.so
7f5937495000-7f593749a000 rw-p 00000000 00:00 0 
7f593749a000-7f593749c000 r-xp 00000000 08:07 393560                     /lib64/libdl-2.12.so
7f593749c000-7f593769c000 ---p 00002000 08:07 393560                     /lib64/libdl-2.12.so
7f593769c000-7f593769d000 r--p 00002000 08:07 393560                     /lib64/libdl-2.12.so
7f593769d000-7f593769e000 rw-p 00003000 08:07 393560                     /lib64/libdl-2.12.so
7f593769e000-7f59376b4000 r-xp 00000000 08:03 1721751                    /usr/local/java-archive/jdk1.7.0_11/jre/lib/amd64/jli/libjli.so
7f59376b4000-7f59378b4000 ---p 00016000 08:03 1721751                    /usr/local/java-archive/jdk1.7.0_11/jre/lib/amd64/jli/libjli.so
7f59378b4000-7f59378b5000 rw-p 00016000 08:03 1721751                    /usr/local/java-archive/jdk1.7.0_11/jre/lib/amd64/jli/libjli.so
7f59378b5000-7f59378cc000 r-xp 00000000 08:07 393538                     /lib64/libpthread-2.12.so
7f59378cc000-7f5937acc000 ---p 00017000 08:07 393538                     /lib64/libpthread-2.12.so
7f5937acc000-7f5937acd000 r--p 00017000 08:07 393538                     /lib64/libpthread-2.12.so
7f5937acd000-7f5937ace000 rw-p 00018000 08:07 393538                     /lib64/libpthread-2.12.so
7f5937ace000-7f5937ad2000 rw-p 00000000 00:00 0 
7f5937ad2000-7f5937af2000 r-xp 00000000 08:07 393551                     /lib64/ld-2.12.so
7f5937b45000-7f5937bb1000 r--s 00000000 08:06 133512                     /var/db/nscd/passwd
7f5937bb1000-7f5937bb4000 ---p 00000000 00:00 0 
7f5937bb4000-7f5937cb6000 rw-p 00000000 00:00 0 
7f5937cbf000-7f5937ce7000 rw-p 00000000 00:00 0 
7f5937ce7000-7f5937cef000 rw-s 00000000 08:05 1293                       /tmp/hsperfdata_lwc28/24727
7f5937cef000-7f5937cf0000 rw-p 00000000 00:00 0 
7f5937cf0000-7f5937cf1000 r--p 00000000 00:00 0 
7f5937cf1000-7f5937cf2000 r--p 0001f000 08:07 393551                     /lib64/ld-2.12.so
7f5937cf2000-7f5937cf3000 rw-p 00020000 08:07 393551                     /lib64/ld-2.12.so
7f5937cf3000-7f5937cf5000 rw-p 00000000 00:00 0 
7fffa33fe000-7fffa3413000 rw-p 00000000 00:00 0                          [stack]
7fffa3549000-7fffa354a000 r-xp 00000000 00:00 0                          [vdso]
ffffffffff600000-ffffffffff601000 r-xp 00000000 00:00 0                  [vsyscall]

VM Arguments:
jvm_args: -Dfile.encoding=UTF-8 
java_command: apps.Friends
Launcher Type: SUN_STANDARD

Environment Variables:
JAVA_HOME=/usr/local/java1.7
PATH=/usr/local/java1.7/bin:/usr/lib64/qt-3.3/bin:/usr/kerberos/sbin:/usr/kerberos/bin:/usr/local/bin:/usr/bin:/bin:/usr/local/sbin:/usr/sbin:/sbin
USERNAME=lwc28
SHELL=/bin/bash
DISPLAY=:0.0

Signal Handlers:
SIGSEGV: [libjvm.so+0x8a5c80], sa_mask[0]=0x7ffbfeff, sa_flags=0x10000004
SIGBUS: [libjvm.so+0x8a5c80], sa_mask[0]=0x7ffbfeff, sa_flags=0x10000004
SIGFPE: [libjvm.so+0x741d60], sa_mask[0]=0x7ffbfeff, sa_flags=0x10000004
SIGPIPE: [libjvm.so+0x741d60], sa_mask[0]=0x7ffbfeff, sa_flags=0x10000004
SIGXFSZ: [libjvm.so+0x741d60], sa_mask[0]=0x7ffbfeff, sa_flags=0x10000004
SIGILL: [libjvm.so+0x741d60], sa_mask[0]=0x7ffbfeff, sa_flags=0x10000004
SIGUSR1: SIG_DFL, sa_mask[0]=0x00000000, sa_flags=0x00000000
SIGUSR2: [libjvm.so+0x7416b0], sa_mask[0]=0x00000004, sa_flags=0x10000004
SIGHUP: SIG_DFL, sa_mask[0]=0x00000000, sa_flags=0x00000000
SIGINT: SIG_DFL, sa_mask[0]=0x00000000, sa_flags=0x00000000
SIGTERM: SIG_DFL, sa_mask[0]=0x00000000, sa_flags=0x00000000
SIGQUIT: SIG_DFL, sa_mask[0]=0x00000000, sa_flags=0x00000000


---------------  S Y S T E M  ---------------

OS:CentOS release 6.6 (Final)

uname:Linux 2.6.32-358.14.1.el6.x86_64 #1 SMP Tue Jul 16 23:51:20 UTC 2013 x86_64
libc:glibc 2.12 NPTL 2.12 
rlimit: STACK 10240k, CORE 0k, NPROC 1024, NOFILE 4096, AS infinity
load average:13.19 13.08 13.08

/proc/meminfo:
MemTotal:        7986728 kB
MemFree:          714160 kB
Buffers:         1608668 kB
Cached:          1480828 kB
SwapCached:          160 kB
Active:          3051404 kB
Inactive:        1741536 kB
Active(anon):    1232540 kB
Inactive(anon):   476936 kB
Active(file):    1818864 kB
Inactive(file):  1264600 kB
Unevictable:           0 kB
Mlocked:               0 kB
SwapTotal:       8388600 kB
SwapFree:        8386700 kB
Dirty:               900 kB
Writeback:             0 kB
AnonPages:       1703516 kB
Mapped:           301300 kB
Shmem:              6032 kB
Slab:            2083360 kB
SReclaimable:    1988000 kB
SUnreclaim:        95360 kB
KernelStack:       11128 kB
PageTables:        30516 kB
NFS_Unstable:          0 kB
Bounce:                0 kB
WritebackTmp:          0 kB
CommitLimit:    12381964 kB
Committed_AS:   11897856 kB
VmallocTotal:   34359738367 kB
VmallocUsed:      320200 kB
VmallocChunk:   34359414652 kB
HardwareCorrupted:     0 kB
AnonHugePages:   1001472 kB
HugePages_Total:       0
HugePages_Free:        0
HugePages_Rsvd:        0
HugePages_Surp:        0
Hugepagesize:       2048 kB
DirectMap4k:       72992 kB
DirectMap2M:     2998272 kB
DirectMap1G:     5242880 kB


CPU:total 8 (4 cores per cpu, 2 threads per core) family 6 model 45 stepping 7, cmov, cx8, fxsr, mmx, sse, sse2, sse3, ssse3, sse4.1, sse4.2, popcnt, avx, ht, tsc, tscinvbit, tscinv

/proc/cpuinfo:
processor	: 0
vendor_id	: GenuineIntel
cpu family	: 6
model		: 45
model name	: Intel(R) Xeon(R) CPU E5-1620 0 @ 3.60GHz
stepping	: 7
cpu MHz		: 3591.387
cache size	: 10240 KB
physical id	: 0
siblings	: 8
core id		: 0
cpu cores	: 4
apicid		: 0
initial apicid	: 0
fpu		: yes
fpu_exception	: yes
cpuid level	: 13
wp		: yes
flags		: fpu vme de pse tsc msr pae mce cx8 apic sep mtrr pge mca cmov pat pse36 clflush dts acpi mmx fxsr sse sse2 ss ht tm pbe syscall nx pdpe1gb rdtscp lm constant_tsc arch_perfmon pebs bts rep_good xtopology nonstop_tsc aperfmperf pni pclmulqdq dtes64 monitor ds_cpl vmx smx est tm2 ssse3 cx16 xtpr pdcm pcid dca sse4_1 sse4_2 x2apic popcnt tsc_deadline_timer aes xsave avx lahf_lm ida arat epb xsaveopt pln pts dts tpr_shadow vnmi flexpriority ept vpid
bogomips	: 7182.77
clflush size	: 64
cache_alignment	: 64
address sizes	: 46 bits physical, 48 bits virtual
power management:

processor	: 1
vendor_id	: GenuineIntel
cpu family	: 6
model		: 45
model name	: Intel(R) Xeon(R) CPU E5-1620 0 @ 3.60GHz
stepping	: 7
cpu MHz		: 3591.387
cache size	: 10240 KB
physical id	: 0
siblings	: 8
core id		: 1
cpu cores	: 4
apicid		: 2
initial apicid	: 2
fpu		: yes
fpu_exception	: yes
cpuid level	: 13
wp		: yes
flags		: fpu vme de pse tsc msr pae mce cx8 apic sep mtrr pge mca cmov pat pse36 clflush dts acpi mmx fxsr sse sse2 ss ht tm pbe syscall nx pdpe1gb rdtscp lm constant_tsc arch_perfmon pebs bts rep_good xtopology nonstop_tsc aperfmperf pni pclmulqdq dtes64 monitor ds_cpl vmx smx est tm2 ssse3 cx16 xtpr pdcm pcid dca sse4_1 sse4_2 x2apic popcnt tsc_deadline_timer aes xsave avx lahf_lm ida arat epb xsaveopt pln pts dts tpr_shadow vnmi flexpriority ept vpid
bogomips	: 7182.77
clflush size	: 64
cache_alignment	: 64
address sizes	: 46 bits physical, 48 bits virtual
power management:

processor	: 2
vendor_id	: GenuineIntel
cpu family	: 6
model		: 45
model name	: Intel(R) Xeon(R) CPU E5-1620 0 @ 3.60GHz
stepping	: 7
cpu MHz		: 3591.387
cache size	: 10240 KB
physical id	: 0
siblings	: 8
core id		: 2
cpu cores	: 4
apicid		: 4
initial apicid	: 4
fpu		: yes
fpu_exception	: yes
cpuid level	: 13
wp		: yes
flags		: fpu vme de pse tsc msr pae mce cx8 apic sep mtrr pge mca cmov pat pse36 clflush dts acpi mmx fxsr sse sse2 ss ht tm pbe syscall nx pdpe1gb rdtscp lm constant_tsc arch_perfmon pebs bts rep_good xtopology nonstop_tsc aperfmperf pni pclmulqdq dtes64 monitor ds_cpl vmx smx est tm2 ssse3 cx16 xtpr pdcm pcid dca sse4_1 sse4_2 x2apic popcnt tsc_deadline_timer aes xsave avx lahf_lm ida arat epb xsaveopt pln pts dts tpr_shadow vnmi flexpriority ept vpid
bogomips	: 7182.77
clflush size	: 64
cache_alignment	: 64
address sizes	: 46 bits physical, 48 bits virtual
power management:

processor	: 3
vendor_id	: GenuineIntel
cpu family	: 6
model		: 45
model name	: Intel(R) Xeon(R) CPU E5-1620 0 @ 3.60GHz
stepping	: 7
cpu MHz		: 3591.387
cache size	: 10240 KB
physical id	: 0
siblings	: 8
core id		: 3
cpu cores	: 4
apicid		: 6
initial apicid	: 6
fpu		: yes
fpu_exception	: yes
cpuid level	: 13
wp		: yes
flags		: fpu vme de pse tsc msr pae mce cx8 apic sep mtrr pge mca cmov pat pse36 clflush dts acpi mmx fxsr sse sse2 ss ht tm pbe syscall nx pdpe1gb rdtscp lm constant_tsc arch_perfmon pebs bts rep_good xtopology nonstop_tsc aperfmperf pni pclmulqdq dtes64 monitor ds_cpl vmx smx est tm2 ssse3 cx16 xtpr pdcm pcid dca sse4_1 sse4_2 x2apic popcnt tsc_deadline_timer aes xsave avx lahf_lm ida arat epb xsaveopt pln pts dts tpr_shadow vnmi flexpriority ept vpid
bogomips	: 7182.77
clflush size	: 64
cache_alignment	: 64
address sizes	: 46 bits physical, 48 bits virtual
power management:

processor	: 4
vendor_id	: GenuineIntel
cpu family	: 6
model		: 45
model name	: Intel(R) Xeon(R) CPU E5-1620 0 @ 3.60GHz
stepping	: 7
cpu MHz		: 3591.387
cache size	: 10240 KB
physical id	: 0
siblings	: 8
core id		: 0
cpu cores	: 4
apicid		: 1
initial apicid	: 1
fpu		: yes
fpu_exception	: yes
cpuid level	: 13
wp		: yes
flags		: fpu vme de pse tsc msr pae mce cx8 apic sep mtrr pge mca cmov pat pse36 clflush dts acpi mmx fxsr sse sse2 ss ht tm pbe syscall nx pdpe1gb rdtscp lm constant_tsc arch_perfmon pebs bts rep_good xtopology nonstop_tsc aperfmperf pni pclmulqdq dtes64 monitor ds_cpl vmx smx est tm2 ssse3 cx16 xtpr pdcm pcid dca sse4_1 sse4_2 x2apic popcnt tsc_deadline_timer aes xsave avx lahf_lm ida arat epb xsaveopt pln pts dts tpr_shadow vnmi flexpriority ept vpid
bogomips	: 7182.77
clflush size	: 64
cache_alignment	: 64
address sizes	: 46 bits physical, 48 bits virtual
power management:

processor	: 5
vendor_id	: GenuineIntel
cpu family	: 6
model		: 45
model name	: Intel(R) Xeon(R) CPU E5-1620 0 @ 3.60GHz
stepping	: 7
cpu MHz		: 3591.387
cache size	: 10240 KB
physical id	: 0
siblings	: 8
core id		: 1
cpu cores	: 4
apicid		: 3
initial apicid	: 3
fpu		: yes
fpu_exception	: yes
cpuid level	: 13
wp		: yes
flags		: fpu vme de pse tsc msr pae mce cx8 apic sep mtrr pge mca cmov pat pse36 clflush dts acpi mmx fxsr sse sse2 ss ht tm pbe syscall nx pdpe1gb rdtscp lm constant_tsc arch_perfmon pebs bts rep_good xtopology nonstop_tsc aperfmperf pni pclmulqdq dtes64 monitor ds_cpl vmx smx est tm2 ssse3 cx16 xtpr pdcm pcid dca sse4_1 sse4_2 x2apic popcnt tsc_deadline_timer aes xsave avx lahf_lm ida arat epb xsaveopt pln pts dts tpr_shadow vnmi flexpriority ept vpid
bogomips	: 7182.77
clflush size	: 64
cache_alignment	: 64
address sizes	: 46 bits physical, 48 bits virtual
power management:

processor	: 6
vendor_id	: GenuineIntel
cpu family	: 6
model		: 45
model name	: Intel(R) Xeon(R) CPU E5-1620 0 @ 3.60GHz
stepping	: 7
cpu MHz		: 3591.387
cache size	: 10240 KB
physical id	: 0
siblings	: 8
core id		: 2
cpu cores	: 4
apicid		: 5
initial apicid	: 5
fpu		: yes
fpu_exception	: yes
cpuid level	: 13
wp		: yes
flags		: fpu vme de pse tsc msr pae mce cx8 apic sep mtrr pge mca cmov pat pse36 clflush dts acpi mmx fxsr sse sse2 ss ht tm pbe syscall nx pdpe1gb rdtscp lm constant_tsc arch_perfmon pebs bts rep_good xtopology nonstop_tsc aperfmperf pni pclmulqdq dtes64 monitor ds_cpl vmx smx est tm2 ssse3 cx16 xtpr pdcm pcid dca sse4_1 sse4_2 x2apic popcnt tsc_deadline_timer aes xsave avx lahf_lm ida arat epb xsaveopt pln pts dts tpr_shadow vnmi flexpriority ept vpid
bogomips	: 7182.77
clflush size	: 64
cache_alignment	: 64
address sizes	: 46 bits physical, 48 bits virtual
power management:

processor	: 7
vendor_id	: GenuineIntel
cpu family	: 6
model		: 45
model name	: Intel(R) Xeon(R) CPU E5-1620 0 @ 3.60GHz
stepping	: 7
cpu MHz		: 3591.387
cache size	: 10240 KB
physical id	: 0
siblings	: 8
core id		: 3
cpu cores	: 4
apicid		: 7
initial apicid	: 7
fpu		: yes
fpu_exception	: yes
cpuid level	: 13
wp		: yes
flags		: fpu vme de pse tsc msr pae mce cx8 apic sep mtrr pge mca cmov pat pse36 clflush dts acpi mmx fxsr sse sse2 ss ht tm pbe syscall nx pdpe1gb rdtscp lm constant_tsc arch_perfmon pebs bts rep_good xtopology nonstop_tsc aperfmperf pni pclmulqdq dtes64 monitor ds_cpl vmx smx est tm2 ssse3 cx16 xtpr pdcm pcid dca sse4_1 sse4_2 x2apic popcnt tsc_deadline_timer aes xsave avx lahf_lm ida arat epb xsaveopt pln pts dts tpr_shadow vnmi flexpriority ept vpid
bogomips	: 7182.77
clflush size	: 64
cache_alignment	: 64
address sizes	: 46 bits physical, 48 bits virtual
power management:



Memory: 4k page, physical 7986728k(714160k free), swap 8388600k(8386700k free)

vm_info: Java HotSpot(TM) 64-Bit Server VM (23.6-b04) for linux-amd64 JRE (1.7.0_11-b21), built on Jan 12 2013 01:43:03 by "java_re" with gcc 4.3.0 20080428 (Red Hat 4.3.0-8)

time: Mon Dec  8 00:50:52 2014
elapsed time: 0 seconds

